2021-06-07 16:32:13,935 INFO org.springframework.boot.StartupInfoLogger [main] Starting PersonProjectApplication using Java 1.8.0_241 on DESKTOP-JGO93AK with PID 12516 (C:\Users\alkan\OneDrive\Masa端st端\Person\Person_SpringBoot_React\Backend\PersonProject\target\classes started by alkan in C:\Users\alkan\OneDrive\Masa端st端\Person\Person_SpringBoot_React\Backend\PersonProject)
2021-06-07 16:32:13,935 INFO org.springframework.boot.SpringApplication [main] The following profiles are active: dev
2021-06-07 16:32:21,412 INFO org.springframework.data.repository.config.RepositoryConfigurationDelegate [main] Bootstrapping Spring Data JPA repositories in DEFAULT mode.
2021-06-07 16:32:21,834 INFO org.springframework.data.repository.config.RepositoryConfigurationDelegate [main] Finished Spring Data repository scanning in 343 ms. Found 1 JPA repository interfaces.
2021-06-07 16:32:25,207 INFO org.springframework.boot.web.embedded.tomcat.TomcatWebServer [main] Tomcat initialized with port(s): 8080 (http)
2021-06-07 16:32:25,254 INFO org.apache.juli.logging.DirectJDKLog [main] Starting service [Tomcat]
2021-06-07 16:32:25,255 INFO org.apache.juli.logging.DirectJDKLog [main] Starting Servlet engine: [Apache Tomcat/9.0.46]
2021-06-07 16:32:25,796 INFO org.apache.juli.logging.DirectJDKLog [main] Initializing Spring embedded WebApplicationContext
2021-06-07 16:32:25,796 INFO org.springframework.boot.web.servlet.context.ServletWebServerApplicationContext [main] Root WebApplicationContext: initialization completed in 11217 ms
2021-06-07 16:32:28,370 INFO org.hibernate.jpa.internal.util.LogHelper [main] HHH000204: Processing PersistenceUnitInfo [name: default]
2021-06-07 16:32:30,274 INFO org.hibernate.Version [main] HHH000412: Hibernate ORM core version 5.4.31.Final
2021-06-07 16:32:42,431 INFO org.hibernate.annotations.common.reflection.java.JavaReflectionManager [main] HCANN000001: Hibernate Commons Annotations {5.1.2.Final}
2021-06-07 16:32:44,131 INFO com.zaxxer.hikari.HikariDataSource [main] HikariPool-1 - Starting...
2021-06-07 16:32:45,177 INFO com.zaxxer.hikari.HikariDataSource [main] HikariPool-1 - Start completed.
2021-06-07 16:32:45,661 INFO org.hibernate.dialect.Dialect [main] HHH000400: Using dialect: org.hibernate.dialect.PostgreSQLDialect
2021-06-07 16:33:01,770 INFO org.hibernate.engine.transaction.jta.platform.internal.JtaPlatformInitiator [main] HHH000490: Using JtaPlatform implementation: [org.hibernate.engine.transaction.jta.platform.internal.NoJtaPlatform]
2021-06-07 16:33:01,938 INFO org.springframework.orm.jpa.AbstractEntityManagerFactoryBean [main] Initialized JPA EntityManagerFactory for persistence unit 'default'
2021-06-07 16:33:05,340 WARN org.springframework.boot.autoconfigure.orm.jpa.JpaBaseConfiguration$JpaWebConfiguration [main] spring.jpa.open-in-view is enabled by default. Therefore, database queries may be performed during view rendering. Explicitly configure spring.jpa.open-in-view to disable this warning
2021-06-07 16:33:08,625 INFO org.springframework.boot.web.embedded.tomcat.TomcatWebServer [main] Tomcat started on port(s): 8080 (http) with context path ''
2021-06-07 16:33:08,755 INFO org.springframework.boot.StartupInfoLogger [main] Started PersonProjectApplication in 60.778 seconds (JVM running for 67.528)
2021-06-07 16:33:08,761 INFO org.springframework.boot.availability.ApplicationAvailabilityBean [main] Application availability state LivenessState changed to CORRECT
2021-06-07 16:33:08,766 INFO org.springframework.boot.availability.ApplicationAvailabilityBean [main] Application availability state ReadinessState changed to ACCEPTING_TRAFFIC
2021-06-07 16:34:12,470 INFO org.apache.juli.logging.DirectJDKLog [http-nio-8080-exec-1] Initializing Spring DispatcherServlet 'dispatcherServlet'
2021-06-07 16:34:12,479 INFO org.springframework.web.servlet.FrameworkServlet [http-nio-8080-exec-1] Initializing Servlet 'dispatcherServlet'
2021-06-07 16:34:12,487 INFO org.springframework.web.servlet.FrameworkServlet [http-nio-8080-exec-1] Completed initialization in 5 ms
