2021-06-04 15:53:28,288 INFO org.springframework.boot.StartupInfoLogger [main] Starting PersonProjectApplication using Java 1.8.0_241 on DESKTOP-JGO93AK with PID 396 (C:\Users\alkan\OneDrive\Masaüstü\2.Eğitim\Backend\PersonProject\target\classes started by alkan in C:\Users\alkan\OneDrive\Masaüstü\2.Eğitim\Backend\PersonProject)
2021-06-04 15:53:28,294 INFO org.springframework.boot.SpringApplication [main] The following profiles are active: dev
2021-06-04 15:53:30,264 INFO org.springframework.data.repository.config.RepositoryConfigurationDelegate [main] Bootstrapping Spring Data JPA repositories in DEFAULT mode.
2021-06-04 15:53:30,373 INFO org.springframework.data.repository.config.RepositoryConfigurationDelegate [main] Finished Spring Data repository scanning in 81 ms. Found 1 JPA repository interfaces.
2021-06-04 15:53:31,693 INFO org.springframework.boot.web.embedded.tomcat.TomcatWebServer [main] Tomcat initialized with port(s): 8080 (http)
2021-06-04 15:53:31,709 INFO org.apache.juli.logging.DirectJDKLog [main] Starting service [Tomcat]
2021-06-04 15:53:31,709 INFO org.apache.juli.logging.DirectJDKLog [main] Starting Servlet engine: [Apache Tomcat/9.0.46]
2021-06-04 15:53:31,849 INFO org.apache.juli.logging.DirectJDKLog [main] Initializing Spring embedded WebApplicationContext
2021-06-04 15:53:31,849 INFO org.springframework.boot.web.servlet.context.ServletWebServerApplicationContext [main] Root WebApplicationContext: initialization completed in 3475 ms
2021-06-04 15:53:32,334 INFO org.hibernate.jpa.internal.util.LogHelper [main] HHH000204: Processing PersistenceUnitInfo [name: default]
2021-06-04 15:53:32,536 INFO org.hibernate.Version [main] HHH000412: Hibernate ORM core version 5.4.31.Final
2021-06-04 15:53:33,068 INFO org.hibernate.annotations.common.reflection.java.JavaReflectionManager [main] HCANN000001: Hibernate Commons Annotations {5.1.2.Final}
2021-06-04 15:53:33,291 INFO com.zaxxer.hikari.HikariDataSource [main] HikariPool-1 - Starting...
2021-06-04 15:53:33,564 INFO com.zaxxer.hikari.HikariDataSource [main] HikariPool-1 - Start completed.
2021-06-04 15:53:33,625 INFO org.hibernate.dialect.Dialect [main] HHH000400: Using dialect: org.hibernate.dialect.PostgreSQLDialect
2021-06-04 15:53:35,618 INFO org.hibernate.engine.transaction.jta.platform.internal.JtaPlatformInitiator [main] HHH000490: Using JtaPlatform implementation: [org.hibernate.engine.transaction.jta.platform.internal.NoJtaPlatform]
2021-06-04 15:53:35,640 INFO org.springframework.orm.jpa.AbstractEntityManagerFactoryBean [main] Initialized JPA EntityManagerFactory for persistence unit 'default'
2021-06-04 15:53:36,583 WARN org.springframework.boot.autoconfigure.orm.jpa.JpaBaseConfiguration$JpaWebConfiguration [main] spring.jpa.open-in-view is enabled by default. Therefore, database queries may be performed during view rendering. Explicitly configure spring.jpa.open-in-view to disable this warning
2021-06-04 15:53:37,291 INFO org.springframework.boot.web.embedded.tomcat.TomcatWebServer [main] Tomcat started on port(s): 8080 (http) with context path ''
2021-06-04 15:53:37,314 INFO org.springframework.boot.StartupInfoLogger [main] Started PersonProjectApplication in 11.738 seconds (JVM running for 17.68)
2021-06-04 15:53:37,316 INFO org.springframework.boot.availability.ApplicationAvailabilityBean [main] Application availability state LivenessState changed to CORRECT
2021-06-04 15:53:37,318 INFO org.springframework.boot.availability.ApplicationAvailabilityBean [main] Application availability state ReadinessState changed to ACCEPTING_TRAFFIC
2021-06-04 15:53:38,508 INFO org.apache.juli.logging.DirectJDKLog [http-nio-8080-exec-1] Initializing Spring DispatcherServlet 'dispatcherServlet'
2021-06-04 15:53:38,509 INFO org.springframework.web.servlet.FrameworkServlet [http-nio-8080-exec-1] Initializing Servlet 'dispatcherServlet'
2021-06-04 15:53:38,511 INFO org.springframework.web.servlet.FrameworkServlet [http-nio-8080-exec-1] Completed initialization in 1 ms
2021-06-04 15:53:43,059 INFO com.example.personproject.Controller.PersonController [http-nio-8080-exec-4] Calculate methodu çalıştırıldı.
2021-06-04 16:10:23,068 INFO org.springframework.boot.StartupInfoLogger [main] Starting PersonProjectApplication using Java 1.8.0_241 on DESKTOP-JGO93AK with PID 16260 (C:\Users\alkan\OneDrive\Masaüstü\2.Eğitim\Backend\PersonProject\target\classes started by alkan in C:\Users\alkan\OneDrive\Masaüstü\2.Eğitim\Backend\PersonProject)
2021-06-04 16:10:23,073 INFO org.springframework.boot.SpringApplication [main] The following profiles are active: dev
2021-06-04 16:10:24,209 INFO org.springframework.data.repository.config.RepositoryConfigurationDelegate [main] Bootstrapping Spring Data JPA repositories in DEFAULT mode.
2021-06-04 16:10:24,286 INFO org.springframework.data.repository.config.RepositoryConfigurationDelegate [main] Finished Spring Data repository scanning in 63 ms. Found 1 JPA repository interfaces.
2021-06-04 16:10:24,866 INFO org.springframework.boot.web.embedded.tomcat.TomcatWebServer [main] Tomcat initialized with port(s): 8080 (http)
2021-06-04 16:10:24,875 INFO org.apache.juli.logging.DirectJDKLog [main] Starting service [Tomcat]
2021-06-04 16:10:24,875 INFO org.apache.juli.logging.DirectJDKLog [main] Starting Servlet engine: [Apache Tomcat/9.0.46]
2021-06-04 16:10:25,020 INFO org.apache.juli.logging.DirectJDKLog [main] Initializing Spring embedded WebApplicationContext
2021-06-04 16:10:25,021 INFO org.springframework.boot.web.servlet.context.ServletWebServerApplicationContext [main] Root WebApplicationContext: initialization completed in 1869 ms
2021-06-04 16:10:25,183 INFO org.hibernate.jpa.internal.util.LogHelper [main] HHH000204: Processing PersistenceUnitInfo [name: default]
2021-06-04 16:10:25,236 INFO org.hibernate.Version [main] HHH000412: Hibernate ORM core version 5.4.31.Final
2021-06-04 16:10:25,455 INFO org.hibernate.annotations.common.reflection.java.JavaReflectionManager [main] HCANN000001: Hibernate Commons Annotations {5.1.2.Final}
2021-06-04 16:10:25,564 INFO com.zaxxer.hikari.HikariDataSource [main] HikariPool-1 - Starting...
2021-06-04 16:10:25,702 INFO com.zaxxer.hikari.HikariDataSource [main] HikariPool-1 - Start completed.
2021-06-04 16:10:25,719 INFO org.hibernate.dialect.Dialect [main] HHH000400: Using dialect: org.hibernate.dialect.PostgreSQLDialect
2021-06-04 16:10:26,657 INFO org.hibernate.engine.transaction.jta.platform.internal.JtaPlatformInitiator [main] HHH000490: Using JtaPlatform implementation: [org.hibernate.engine.transaction.jta.platform.internal.NoJtaPlatform]
2021-06-04 16:10:26,668 INFO org.springframework.orm.jpa.AbstractEntityManagerFactoryBean [main] Initialized JPA EntityManagerFactory for persistence unit 'default'
2021-06-04 16:10:27,036 WARN org.springframework.boot.autoconfigure.orm.jpa.JpaBaseConfiguration$JpaWebConfiguration [main] spring.jpa.open-in-view is enabled by default. Therefore, database queries may be performed during view rendering. Explicitly configure spring.jpa.open-in-view to disable this warning
2021-06-04 16:10:27,482 INFO org.springframework.boot.web.embedded.tomcat.TomcatWebServer [main] Tomcat started on port(s): 8080 (http) with context path ''
2021-06-04 16:10:27,493 INFO org.springframework.boot.StartupInfoLogger [main] Started PersonProjectApplication in 5.263 seconds (JVM running for 6.593)
2021-06-04 16:10:27,494 INFO org.springframework.boot.availability.ApplicationAvailabilityBean [main] Application availability state LivenessState changed to CORRECT
2021-06-04 16:10:27,496 INFO org.springframework.boot.availability.ApplicationAvailabilityBean [main] Application availability state ReadinessState changed to ACCEPTING_TRAFFIC
2021-06-04 16:10:41,074 INFO org.apache.juli.logging.DirectJDKLog [http-nio-8080-exec-1] Initializing Spring DispatcherServlet 'dispatcherServlet'
2021-06-04 16:10:41,074 INFO org.springframework.web.servlet.FrameworkServlet [http-nio-8080-exec-1] Initializing Servlet 'dispatcherServlet'
2021-06-04 16:10:41,075 INFO org.springframework.web.servlet.FrameworkServlet [http-nio-8080-exec-1] Completed initialization in 1 ms
2021-06-04 16:10:48,250 INFO com.example.personproject.Controller.PersonController [http-nio-8080-exec-2] ----- PersonController paketi içindeki AddPerson metodu çalıştırıldı. 
2021-06-04 16:10:48,251 INFO com.example.personproject.Controller.PersonController [http-nio-8080-exec-2] ----- Client tarafından gelen veriler : Person{name='null', surname='null', phone='null', email='null', isDeleted=null}
2021-06-04 16:10:48,251 INFO com.example.personproject.Controller.PersonController [http-nio-8080-exec-2] ----- Client tarafından gelen @Valid hataları veya eksikleri mevcut
2021-06-04 16:10:48,252 INFO com.example.personproject.Controller.PersonController [http-nio-8080-exec-2] Hatalar veya Eksikler: 
2021-06-04 16:10:48,252 INFO com.example.personproject.Controller.PersonController [http-nio-8080-exec-2] Phone is required
2021-06-04 16:10:48,252 INFO com.example.personproject.Controller.PersonController [http-nio-8080-exec-2] SurName is empty
2021-06-04 16:10:48,253 INFO com.example.personproject.Controller.PersonController [http-nio-8080-exec-2] Email is empty
2021-06-04 16:10:48,253 INFO com.example.personproject.Controller.PersonController [http-nio-8080-exec-2] Name is required
2021-06-04 16:10:48,253 INFO com.example.personproject.Controller.PersonController [http-nio-8080-exec-2] SurName is required
2021-06-04 16:10:48,254 INFO com.example.personproject.Controller.PersonController [http-nio-8080-exec-2] Name is empty
2021-06-04 16:10:48,254 INFO com.example.personproject.Controller.PersonController [http-nio-8080-exec-2] Phone is empty
2021-06-04 16:10:48,254 INFO com.example.personproject.Controller.PersonController [http-nio-8080-exec-2] Email is required
2021-06-04 16:10:48,254 INFO com.example.personproject.Controller.PersonController [http-nio-8080-exec-2] ----- Client tarafından gelen isteğe bağlı uygun olumsuz mesaj dönderildi. 
2021-06-04 16:12:16,924 INFO com.example.personproject.Controller.PersonController [http-nio-8080-exec-4] ----- PersonController paketi içindeki AddPerson metodu çalıştırıldı. 
2021-06-04 16:12:16,925 INFO com.example.personproject.Controller.PersonController [http-nio-8080-exec-4] ----- Client tarafından gelen veriler : Person{name='TESTNAME444', surname='TESTSURNAME444', phone='44444444444', email='TEST4@COM.TR', isDeleted=null}
2021-06-04 16:12:16,925 INFO com.example.personproject.Controller.PersonController [http-nio-8080-exec-4] ----- Client tarafından gelen veri kayıt işlemi için personService.Save metoduna gitmeye uygundur.
2021-06-04 16:12:16,925 INFO com.example.personproject.Service.PersonService [http-nio-8080-exec-4] ----- PersonService paketi içerisindeki save metodu çalıştırıldı.
2021-06-04 16:12:17,025 INFO com.example.personproject.Service.PersonService [http-nio-8080-exec-4] -----Verinin veritabanına kaydı gerçekleşti.
2021-06-04 16:12:17,025 INFO com.example.personproject.Controller.PersonController [http-nio-8080-exec-4] ----- Client tarafından gelen isteğe bağlı uygun olumlu mesaj dönderildi. 
